<?xml version="1.0" encoding="UTF-8"?>
<testng-results ignored="0" total="1" passed="1" failed="0" skipped="0">
  <reporter-output>
  </reporter-output>
  <suite started-at="2022-06-29T21:55:06 IST" name="Suite" finished-at="2022-06-29T21:55:09 IST" duration-ms="3091">
    <groups>
    </groups>
    <test started-at="2022-06-29T21:55:06 IST" name="Test" finished-at="2022-06-29T21:55:09 IST" duration-ms="3091">
      <class name="test.Logintest">
        <test-method is-config="true" signature="initbrowser()[pri:0, instance:test.Logintest@1de5f259]" started-at="2022-06-29T21:54:53 IST" name="initbrowser" finished-at="2022-06-29T21:55:06 IST" duration-ms="12838" status="PASS">
          <reporter-output>
          </reporter-output>
        </test-method> <!-- initbrowser -->
        <test-method is-config="true" signature="m2()[pri:0, instance:test.Logintest@1de5f259]" started-at="2022-06-29T21:55:06 IST" name="m2" finished-at="2022-06-29T21:55:06 IST" duration-ms="94" status="PASS">
          <reporter-output>
          </reporter-output>
        </test-method> <!-- m2 -->
        <test-method signature="m3()[pri:0, instance:test.Logintest@1de5f259]" started-at="2022-06-29T21:55:06 IST" name="m3" finished-at="2022-06-29T21:55:09 IST" duration-ms="2831" status="PASS">
          <reporter-output>
          </reporter-output>
        </test-method> <!-- m3 -->
        <test-method is-config="true" signature="teardown()[pri:0, instance:test.Logintest@1de5f259]" started-at="2022-06-29T21:55:09 IST" name="teardown" finished-at="2022-06-29T21:55:11 IST" duration-ms="2023" status="PASS">
          <reporter-output>
          </reporter-output>
        </test-method> <!-- teardown -->
      </class> <!-- test.Logintest -->
    </test> <!-- Test -->
  </suite> <!-- Suite -->
</testng-results>
